aa.gy,2020/05/05 07:30:50,RU
ab.gy,2017/07/26 07:38:59,US
ac.gy,2019/03/15 15:23:26,CN
ad.gy,2021/02/08 13:19:05,IN
ae.gy,2021/06/26 21:25:45,KR
af.gy,2019/07/31 23:19:28,US
ag.gy,2011/08/16 21:11:03,DE
ah.gy,2021/10/02 01:38:27,VN
ai.gy,2018/07/09 09:27:03,CN
aj.gy,2020/12/03 00:40:06,US
ak.gy,,
al.gy,2011/06/08 18:56:23,GB
am.gy,2014/03/30 22:21:30,GB
an.gy,2014/12/16 05:50:31,FR
ao.gy,2017/12/06 04:09:48,DE
ap.gy,2013/04/03 09:05:07,CL
aq.gy,,
ar.gy,2015/09/01 17:31:32,GB
as.gy,2021/04/29 08:41:05,US
at.gy,2019/11/04 03:08:02,US
au.gy,2012/09/02 05:00:52,FR
av.gy,,
aw.gy,2011/11/21 18:39:34,US
ax.gy,2015/01/03 18:48:37,GB
ay.gy,2014/01/22 02:31:19,GB
az.gy,2021/01/16 05:37:16,CZ
ba.gy,2017/12/13 03:00:12,US
bb.gy,2019/06/23 13:58:09,CN
bc.gy,2012/05/12 19:11:14,FR
bd.gy,2020/02/28 04:25:46,US
be.gy,2021/05/17 14:31:30,IN
bf.gy,2015/10/14 08:53:55,FR
bg.gy,2011/09/10 02:40:31,AT
bh.gy,2015/01/02 13:34:26,US
bi.gy,2019/12/14 12:52:29,GB
bj.gy,2021/03/16 14:45:01,US
bk.gy,2009/08/18 12:43:16,US
bl.gy,2014/01/11 20:25:39,GB
bm.gy,2021/01/19 01:01:31,IN
bn.gy,2021/06/09 20:59:58,BG
bo.gy,2014/12/20 07:37:01,US
bp.gy,,
bq.gy,2021/06/09 02:46:57,CH
br.gy,2021/03/08 22:04:29,US
bs.gy,2015/01/23 17:27:12,IN
bt.gy,2015/01/22 22:06:33,IN
bu.gy,2012/12/20 06:56:26,FR
bv.gy,2018/06/20 08:03:00,FR
bw.gy,2021/02/07 15:51:23,US
bx.gy,2020/01/07 23:50:39,IT
by.gy,2017/08/09 01:28:10,FR
bz.gy,2012/02/09 07:21:15,DE
ca.gy,2019/10/12 05:35:14,CA
cb.gy,2021/10/21 16:02:10,IN
cc.gy,2021/10/05 09:13:25,IN
cd.gy,,
ce.gy,,
cf.gy,,
cg.gy,2015/06/26 03:32:08,TH
ch.gy,2017/07/24 05:16:18,CH
ci.gy,2018/12/18 22:47:18,US
cj.gy,2016/09/22 08:20:28,US
ck.gy,2014/05/04 21:52:59,FR
cl.gy,2020/11/16 23:48:23,GB
cm.gy,2014/04/15 06:33:22,IT
cn.gy,2015/03/31 08:38:07,FR
co.gy,2008/06/15 18:53:03,US
cp.gy,2018/03/18 17:57:22,CN
cq.gy,2021/07/21 00:18:23,CN
cr.gy,2021/01/20 06:53:45,KN
cs.gy,2020/10/08 18:19:44,CN
ct.gy,,
cu.gy,2015/01/23 18:29:37,IN
cv.gy,2015/01/23 17:27:23,IN
cw.gy,2017/11/28 07:14:19,FR
cx.gy,2021/06/10 20:01:15,IN
cy.gy,2020/09/09 15:24:37,AU
cz.gy,,
da.gy,,
db.gy,2021/09/14 14:13:11,IN
dc.gy,2017/02/04 08:58:25,JP
dd.gy,2021/07/17 16:25:19,RU
de.gy,2021/04/19 12:05:10,DE
df.gy,2014/02/10 21:34:34,GB
dg.gy,2018/11/14 22:16:43,GB
dh.gy,2014/11/08 06:52:39,CA
di.gy,2012/09/24 09:01:35,US
dj.gy,2015/01/23 17:27:47,IN
dk.gy,2021/04/10 02:18:12,GB
dl.gy,2019/05/07 00:24:06,EE
dm.gy,2020/02/19 15:00:52,CN
dn.gy,2013/02/07 01:39:33,US
do.gy,2014/10/08 12:06:53,US
dp.gy,2021/05/24 02:19:18,IT
dq.gy,2014/01/16 01:10:02,GB
dr.gy,2018/08/08 07:10:31,TW
ds.gy,2015/01/07 10:00:35,US
dt.gy,2012/06/14 18:19:00,GY
du.gy,2018/03/15 17:38:27,DE
dv.gy,2015/12/30 00:34:06,US
dw.gy,2015/07/01 17:09:09,GG
dx.gy,2021/04/28 00:00:16,FR
dy.gy,2019/03/09 05:32:24,US
dz.gy,2020/03/10 16:54:01,CN
ea.gy,2018/05/20 21:41:59,GB
eb.gy,2021/03/15 17:12:09,IT
ec.gy,2019/11/09 06:04:29,FR
ed.gy,2017/08/29 01:16:04,CA
ee.gy,2021/09/02 16:54:52,IN
ef.gy,2011/10/27 19:38:02,IE
eg.gy,2011/04/19 01:04:13,US
eh.gy,2020/12/30 10:49:08,DE
ei.gy,2020/10/23 04:25:03,IT
ej.gy,2011/05/05 03:50:32,US
ek.gy,2015/04/03 04:07:27,US
el.gy,2021/03/01 22:19:47,IN
em.gy,2016/08/11 23:28:14,BZ
en.gy,2011/06/13 03:58:16,FR
eo.gy,2020/09/30 23:21:18,CN
ep.gy,,
eq.gy,2018/01/09 22:50:15,FR
er.gy,2018/07/07 15:11:14,FR
es.gy,2020/01/31 19:16:18,DE
et.gy,2015/05/25 10:06:10,US
eu.gy,2021/06/27 14:31:09,IN
ev.gy,2019/04/05 13:06:43,JP
ew.gy,2021/05/28 00:03:09,US
ex.gy,2021/09/10 20:59:05,AE
ey.gy,2013/06/28 01:11:02,BS
ez.gy,2021/04/26 13:32:36,ZA
fa.gy,2020/06/10 22:48:06,AU
fb.gy,2021/06/27 13:53:13,IN
fc.gy,2021/10/23 09:55:14,IN
fd.gy,,
fe.gy,,
ff.gy,2013/09/06 07:07:26,US
fg.gy,2011/10/19 03:20:26,FR
fh.gy,2017/10/28 03:04:47,FR
fi.gy,2013/12/23 09:04:19,AU
fj.gy,,
fk.gy,,
fl.gy,2017/08/18 23:50:43,FR
fm.gy,2015/01/09 08:21:16,US
fn.gy,2021/09/28 02:04:49,US
fo.gy,2016/08/11 23:28:07,BZ
fp.gy,2020/06/13 14:59:49,PL
fq.gy,,
fr.gy,2019/05/19 15:12:32,FR
fs.gy,2020/10/20 09:57:49,AU
ft.gy,2017/08/22 10:28:55,FR
fu.gy,2013/07/11 23:42:56,GB
fv.gy,,
fw.gy,2021/07/28 14:12:37,US
fx.gy,2021/03/20 11:03:41,CA
fy.gy,2021/09/21 01:24:20,GB
fz.gy,,
ga.gy,2021/09/18 14:19:08,IN
gb.gy,2012/04/06 23:55:03,CN
gc.gy,2017/08/10 13:37:17,FR
gd.gy,,
ge.gy,2012/06/05 23:39:41,GB
gf.gy,2020/06/18 10:20:09,US
gg.gy,2011/06/08 07:12:13,NL
gh.gy,,
gi.gy,2017/08/22 10:05:43,FR
gj.gy,2017/11/15 20:19:33,JP
gk.gy,2021/05/08 21:03:42,VN
gl.gy,2012/04/04 04:13:18,FR
gm.gy,2021/06/20 13:43:43,IN
gn.gy,,
go.gy,2008/05/13 02:58:59,US
gp.gy,2017/09/30 02:18:33,GY
gq.gy,2015/01/23 18:29:22,IN
gr.gy,2012/06/10 21:15:52,GB
gs.gy,2015/01/23 18:29:47,IN
gt.gy,2021/05/13 12:27:58,CA
gu.gy,2016/07/18 22:44:31,ES
gv.gy,,
gw.gy,2018/03/07 17:55:51,DE
gx.gy,2014/11/18 23:40:15,CN
gy.gy,,
gz.gy,2014/10/21 16:31:04,CN
ha.gy,2017/03/06 10:06:20,BG
hb.gy,2021/08/13 11:31:17,US
hc.gy,,
hd.gy,2020/10/19 22:29:53,IN
he.gy,2018/03/10 12:26:38,FR
hf.gy,,
hg.gy,2021/02/07 18:36:25,US
hh.gy,2020/10/03 16:40:29,CN
hi.gy,2021/06/16 16:12:38,NL
hj.gy,2021/07/12 13:06:01,US
hk.gy,2021/08/08 17:14:57,CN
hl.gy,2014/05/01 22:39:57,GY
hm.gy,2012/12/10 23:46:47,SE
hn.gy,,
ho.gy,2012/11/15 18:37:36,US
hp.gy,2011/02/11 12:48:19,US
hq.gy,,
hr.gy,2019/01/04 21:30:11,US
hs.gy,2012/06/03 08:07:45,US
ht.gy,2021/03/31 06:07:22,US
hu.gy,2020/08/24 16:57:30,US
hv.gy,2021/07/10 16:58:44,CN
hw.gy,2021/11/07 17:19:19,KN
hx.gy,2021/01/15 06:56:28,DE
hy.gy,2020/10/08 18:19:56,CN
hz.gy,2017/07/26 17:46:40,CN
ia.gy,2020/11/15 21:34:46,IN
ib.gy,,
ic.gy,2020/11/06 10:00:31,CN
id.gy,2021/03/12 11:55:44,US
ie.gy,2020/02/29 12:06:07,US
if.gy,,
ig.gy,2021/09/17 15:12:56,BG
ih.gy,2021/01/20 10:38:56,US
ii.gy,2012/03/07 16:42:59,CN
ij.gy,,
ik.gy,,
il.gy,2014/08/04 05:32:45,US
im.gy,2021/01/21 22:43:01,IN
in.gy,2019/10/05 21:13:22,BG
io.gy,2021/08/21 13:37:26,IN
ip.gy,2019/03/14 18:55:12,DE
iq.gy,2021/01/17 13:11:59,GY
ir.gy,,
is.gy,2012/09/21 01:33:49,TW
it.gy,2010/05/05 02:05:54,IT
iu.gy,,
iv.gy,2016/01/25 18:21:19,FR
iw.gy,2019/09/24 15:14:15,HK
ix.gy,2019/04/11 00:16:42,JO
iy.gy,,
iz.gy,,
ja.gy,2019/01/04 03:24:18,CA
jb.gy,,
jc.gy,2015/07/29 16:57:28,AT
jd.gy,2012/12/24 14:11:49,CN
je.gy,2020/03/01 05:44:49,CH
jf.gy,,
jg.gy,2013/03/28 20:28:28,CA
jh.gy,2020/01/09 19:00:44,SE
ji.gy,2021/01/13 22:23:38,GY
jj.gy,2020/01/04 23:58:51,JP
jk.gy,2016/09/14 12:00:34,FR
jl.gy,2015/01/08 01:50:32,DE
jm.gy,2019/11/20 18:03:17,CN
jn.gy,2021/02/18 11:51:48,HK
jo.gy,2019/10/22 21:08:47,BG
jp.gy,2019/01/08 03:43:25,US
jq.gy,2020/07/11 12:16:44,US
jr.gy,2018/03/29 13:07:50,FR
js.gy,2014/05/30 14:10:44,DE
jt.gy,,
ju.gy,2021/02/12 04:32:11,US
jv.gy,,
jw.gy,,
jx.gy,,
jy.gy,2015/03/12 13:39:43,RU
jz.gy,2015/03/03 18:34:09,CN
ka.gy,2018/11/27 18:20:38,CN
kb.gy,,
kc.gy,2020/04/06 19:00:10,FR
kd.gy,2020/04/27 18:17:59,KR
ke.gy,2018/02/16 03:42:42,FR
kf.gy,,
kg.gy,2020/10/17 01:23:52,CN
kh.gy,,
ki.gy,,
kj.gy,2021/01/07 22:32:05,CN
kk.gy,2019/06/23 14:11:32,CN
kl.gy,2021/09/02 18:03:25,CY
km.gy,2014/09/29 10:53:05,FR
kn.gy,2021/03/19 18:05:47,BE
ko.gy,2018/11/03 23:09:40,FR
kp.gy,,
kq.gy,,
kr.gy,2019/07/09 14:56:07,KR
ks.gy,2021/03/01 23:45:52,FR
kt.gy,2017/08/04 10:24:22,FR
ku.gy,2020/09/18 13:51:33,JP
kv.gy,,
kw.gy,2020/04/01 07:32:40,KW
kx.gy,2021/04/16 15:48:20,US
ky.gy,2017/07/26 14:48:05,US
kz.gy,,
la.gy,2021/05/16 13:31:26,IN
lb.gy,2015/10/22 21:54:31,FR
lc.gy,2015/01/23 18:29:59,IN
ld.gy,,
le.gy,2021/02/20 22:47:28,CN
lf.gy,2020/09/03 18:21:23,KR
lg.gy,2020/02/27 07:01:18,US
lh.gy,,
li.gy,2011/07/15 09:52:27,CH
lj.gy,,
lk.gy,2014/07/07 08:34:30,DE
ll.gy,2021/10/21 15:59:43,IN
lm.gy,2019/07/11 11:05:07,AU
ln.gy,2012/12/04 07:31:22,FR
lo.gy,2017/07/21 14:21:07,US
lp.gy,2018/05/21 11:13:21,FR
lq.gy,,
lr.gy,,
ls.gy,2013/01/09 22:34:31,NO
lt.gy,,
lu.gy,2020/11/24 21:51:33,DE
lv.gy,2021/09/18 21:19:15,IN
lw.gy,,
lx.gy,2019/11/09 23:52:26,US
ly.gy,,
lz.gy,2021/08/11 15:20:17,US
ma.gy,2017/07/26 10:42:47,BG
mb.gy,2017/11/03 13:33:05,US
mc.gy,2016/07/29 12:07:36,RU
md.gy,2014/12/28 08:15:44,CA
me.gy,2020/05/07 21:02:57,BG
mf.gy,2019/01/02 01:22:33,AE
mg.gy,2019/12/13 09:23:06,US
mh.gy,2021/05/14 14:01:32,IN
mi.gy,2019/06/23 13:35:29,CN
mj.gy,2014/01/16 20:57:39,FR
mk.gy,2021/04/28 13:37:11,IN
ml.gy,2020/03/21 03:31:42,FR
mm.gy,2010/09/10 10:30:51,DE
mn.gy,2021/06/27 09:34:19,US
mo.gy,2017/02/11 13:26:56,KR
mp.gy,2015/03/20 05:22:37,FR
mq.gy,,
mr.gy,2012/03/30 22:53:20,DE
ms.gy,2019/06/24 18:17:32,AU
mt.gy,2021/05/24 22:38:18,IT
mu.gy,2011/11/17 18:11:29,NL
mv.gy,2021/09/30 19:19:41,CN
mw.gy,,
mx.gy,2012/09/24 23:15:18,DE
my.gy,2020/09/17 10:04:41,AT
mz.gy,,
na.gy,2013/11/13 23:58:54,GB
nb.gy,2021/06/25 15:41:34,CN
nc.gy,2020/03/05 19:05:04,AF
nd.gy,2019/10/22 10:11:51,US
ne.gy,2013/07/14 09:53:12,LV
nf.gy,2020/02/28 12:52:39,CN
ng.gy,2013/09/26 00:08:48,IT
nh.gy,2020/05/10 03:23:39,CA
ni.gy,,
nj.gy,,
nk.gy,2018/04/07 08:31:26,FR
nl.gy,2011/06/08 07:12:08,NL
nm.gy,2020/01/29 15:37:32,JP
nn.gy,2016/04/26 02:50:54,CN
no.gy,2014/01/19 17:38:38,CA
np.gy,2019/01/06 13:33:15,US
nq.gy,,
nr.gy,2011/06/16 16:35:49,AT
ns.gy,2012/03/29 20:46:27,CN
nt.gy,2021/08/29 11:15:39,VN
nu.gy,2021/01/12 01:09:30,CA
nv.gy,2021/07/13 02:51:55,US
nw.gy,,
nx.gy,,
ny.gy,2017/07/23 12:14:00,DE
nz.gy,2015/01/23 17:28:09,IN
oa.gy,,
ob.gy,2020/09/09 22:08:55,NO
oc.gy,2021/01/06 05:41:03,GB
od.gy,2019/09/12 22:42:46,NZ
oe.gy,,
of.gy,2015/03/02 23:21:40,GB
og.gy,2011/07/01 18:32:16,GB
oh.gy,,
oi.gy,2019/01/11 15:18:33,GB
oj.gy,,
ok.gy,2018/06/03 10:27:50,CN
ol.gy,,
om.gy,2019/12/21 12:39:01,EE
on.gy,2020/10/17 05:40:27,FR
oo.gy,2015/07/15 13:13:48,US
op.gy,2021/02/28 20:05:02,JP
oq.gy,,
or.gy,2018/12/04 15:05:03,GB
os.gy,2020/12/05 21:43:35,US
ot.gy,2020/11/13 05:59:36,CH
ou.gy,,
ov.gy,,
ow.gy,,
ox.gy,2014/04/08 23:30:44,JP
oy.gy,2021/07/14 07:02:46,US
oz.gy,,
pa.gy,2015/11/23 21:18:44,IT
pb.gy,2015/03/06 16:10:55,US
pc.gy,2011/12/15 06:51:29,US
pd.gy,2015/09/07 22:37:19,CN
pe.gy,2013/07/14 09:53:03,LV
pf.gy,2015/10/04 19:17:00,FR
pg.gy,2015/01/05 10:47:19,US
ph.gy,2011/12/19 12:20:02,AU
pi.gy,2013/08/15 19:18:28,FR
pj.gy,2017/05/11 11:35:19,CN
pk.gy,2019/01/18 23:12:12,US
pl.gy,2011/11/09 20:23:39,FR
pm.gy,2019/11/29 15:55:18,ZA
pn.gy,2014/12/28 11:19:12,US
po.gy,2011/08/02 00:26:48,US
pp.gy,2012/04/06 23:55:22,CN
pq.gy,,
pr.gy,2017/08/24 21:15:51,FR
ps.gy,2011/12/19 12:20:15,AU
pt.gy,2013/03/07 21:16:33,US
pu.gy,,
pv.gy,2019/10/27 14:14:39,JP
pw.gy,2021/02/12 21:01:22,IE
px.gy,2015/06/09 15:38:35,CH
py.gy,2010/03/07 04:24:27,FR
pz.gy,,
qa.gy,2020/11/13 05:45:05,CH
qb.gy,,
qc.gy,,
qd.gy,2021/07/07 16:07:51,BH
qe.gy,,
qf.gy,2020/07/12 14:10:07,IN
qg.gy,2019/02/22 02:01:06,NL
qh.gy,,
qi.gy,2018/06/16 19:31:56,TR
qj.gy,2018/02/01 07:41:16,FR
qk.gy,2021/01/12 07:13:12,GB
ql.gy,,
qm.gy,2020/10/13 15:03:00,CN
qn.gy,,
qo.gy,,
qp.gy,2018/10/30 20:48:56,PL
qq.gy,2017/11/02 09:05:03,CN
qr.gy,2015/01/22 22:06:18,IN
qs.gy,,
qt.gy,2021/05/20 05:06:58,US
qu.gy,,
qv.gy,,
qw.gy,,
qx.gy,2019/11/28 15:00:28,JP
qy.gy,,
qz.gy,2021/10/08 20:26:10,CN
ra.gy,2021/05/18 22:22:03,US
rb.gy,2019/09/17 16:51:39,IT
rc.gy,2020/01/03 02:11:44,US
rd.gy,,
re.gy,2021/06/24 09:00:36,GE
rf.gy,2014/11/25 07:07:17,FR
rg.gy,2021/07/20 20:20:12,IN
rh.gy,,
ri.gy,2011/11/30 09:28:45,IN
rj.gy,2014/12/15 04:50:44,US
rk.gy,,
rl.gy,2019/04/15 11:37:03,IN
rm.gy,,
rn.gy,,
ro.gy,2019/10/09 21:04:11,BG
rp.gy,,
rq.gy,,
rr.gy,2011/12/01 14:14:40,US
rs.gy,2021/10/16 15:37:21,IN
rt.gy,2019/11/20 04:45:02,US
ru.gy,2020/06/04 16:56:45,CN
rv.gy,2018/03/06 17:17:01,CH
rw.gy,,
rx.gy,2018/06/02 08:30:19,FR
ry.gy,2017/03/08 18:42:47,BG
rz.gy,2014/07/11 05:17:49,FR
sa.gy,2015/01/23 18:28:51,IN
sb.gy,2018/03/10 04:58:05,CA
sc.gy,2021/05/11 21:49:39,NO
sd.gy,2015/01/23 18:30:26,IN
se.gy,2011/07/27 21:46:11,FR
sf.gy,2021/05/14 22:36:03,CL
sg.gy,2021/07/21 21:48:03,RU
sh.gy,2015/08/28 08:03:38,FR
si.gy,,
sj.gy,,
sk.gy,2021/09/20 15:13:14,IN
sl.gy,,
sm.gy,2014/04/27 04:45:14,FR
sn.gy,2014/04/21 10:37:38,US
so.gy,2013/12/13 16:33:11,CN
sp.gy,2018/01/18 22:55:40,FR
sq.gy,2013/03/30 02:37:04,US
sr.gy,2017/12/22 00:24:19,CH
ss.gy,2019/07/30 09:43:09,US
st.gy,2015/01/23 02:07:18,IN
su.gy,2014/10/27 23:45:07,CH
sv.gy,2020/09/30 00:18:47,JP
sw.gy,2013/11/01 02:26:16,US
sx.gy,2021/06/24 10:27:48,US
sy.gy,,
sz.gy,,
ta.gy,2018/03/08 16:09:53,DE
tb.gy,2021/01/12 04:55:00,US
tc.gy,,
td.gy,,
te.gy,2011/09/21 09:18:17,CA
tf.gy,,
tg.gy,2018/03/07 11:59:11,US
th.gy,2018/03/30 11:54:07,FR
ti.gy,2011/06/22 21:24:16,FR
tj.gy,,
tk.gy,2020/03/11 03:36:15,US
tl.gy,2020/12/23 02:54:48,DE
tm.gy,2014/07/30 12:00:03,CN
tn.gy,2021/09/04 09:54:34,IN
to.gy,2017/09/05 06:09:04,ZA
tp.gy,2012/02/21 19:33:38,DE
tq.gy,,
tr.gy,2018/10/17 23:24:32,CH
ts.gy,2014/01/27 14:45:12,DE
tt.gy,2021/06/20 20:01:23,CN
tu.gy,2014/12/10 11:57:35,US
tv.gy,2021/04/23 09:00:03,BG
tw.gy,2021/10/27 11:18:08,US
tx.gy,2016/06/01 14:18:20,CN
ty.gy,2021/10/18 18:09:05,CN
tz.gy,2021/09/18 18:49:12,IN
ua.gy,2020/04/27 21:15:45,UA
ub.gy,2021/07/13 04:17:57,IN
uc.gy,,
ud.gy,,
ue.gy,,
uf.gy,,
ug.gy,,
uh.gy,,
ui.gy,2020/03/02 00:39:02,PH
uj.gy,,
uk.gy,2021/06/03 16:42:47,IN
ul.gy,2017/09/26 01:25:54,US
um.gy,2020/09/29 18:37:50,CN
un.gy,2015/01/23 01:51:53,IN
uo.gy,,
up.gy,2020/03/27 21:36:03,ES
uq.gy,,
ur.gy,2013/04/08 18:17:16,NO
us.gy,2021/09/11 10:12:36,IN
ut.gy,,
uu.gy,2018/08/03 14:39:51,US
uv.gy,2020/07/29 06:52:11,US
uw.gy,,
ux.gy,,
uy.gy,,
uz.gy,,
va.gy,2017/09/26 00:45:11,BZ
vb.gy,,
vc.gy,2015/01/23 18:30:16,IN
vd.gy,2015/08/18 21:57:03,IN
ve.gy,2020/07/07 21:00:16,IT
vf.gy,2019/11/25 04:33:38,US
vg.gy,2015/01/23 18:30:52,IN
vh.gy,,
vi.gy,2011/08/24 19:16:26,FR
vj.gy,,
vk.gy,2017/09/26 10:10:11,US
vl.gy,,
vm.gy,2018/12/21 02:42:22,PT
vn.gy,2020/05/23 07:01:23,US
vo.gy,2018/03/02 14:46:05,DE
vp.gy,2020/06/26 22:17:07,DE
vq.gy,,
vr.gy,2019/11/14 09:02:47,BG
vs.gy,,
vt.gy,,
vu.gy,2013/08/28 05:16:37,GB
vv.gy,2021/10/30 12:33:10,CN
vw.gy,2008/05/13 03:10:27,DE
vx.gy,2015/11/23 14:52:57,US
vy.gy,,
vz.gy,,
wa.gy,,
wb.gy,2018/03/11 22:52:41,FR
wc.gy,,
wd.gy,2020/08/26 23:35:27,US
we.gy,2019/10/04 17:40:08,CN
wf.gy,2015/01/23 18:30:39,IN
wg.gy,2019/09/19 10:43:47,SG
wh.gy,2014/07/04 20:29:59,CN
wi.gy,2020/05/27 06:58:53,TR
wj.gy,,
wk.gy,,
wl.gy,2020/10/07 17:36:30,CN
wm.gy,2018/05/10 20:36:48,CA
wn.gy,2020/03/19 01:16:24,SG
wo.gy,2017/11/07 01:13:34,DE
wp.gy,2021/02/11 23:25:15,IN
wq.gy,,
wr.gy,,
ws.gy,2021/11/14 14:23:17,FR
wt.gy,,
wu.gy,2012/09/14 00:57:18,US
wv.gy,,
ww.gy,2021/05/14 14:01:39,IN
wx.gy,2015/05/18 10:22:10,CN
wy.gy,2018/11/24 00:42:21,CN
wz.gy,,
xa.gy,,
xb.gy,,
xc.gy,2020/09/07 02:35:18,RU
xd.gy,2021/11/17 16:49:06,JP
xe.gy,2020/11/19 20:55:06,JP
xf.gy,2014/10/31 13:58:33,CN
xg.gy,2021/09/25 16:40:03,JP
xh.gy,,
xi.gy,2018/06/16 19:31:50,TR
xj.gy,2018/03/12 19:23:08,CN
xk.gy,,
xl.gy,2015/04/03 04:07:24,US
xm.gy,2013/05/02 23:06:01,CN
xn.gy,,
xo.gy,2020/02/18 13:00:10,US
xp.gy,,
xq.gy,,
xr.gy,2021/07/27 20:48:20,BE
xs.gy,2015/04/01 16:44:27,IT
xt.gy,,
xu.gy,2018/06/16 19:31:44,TR
xv.gy,2015/07/19 04:52:24,FR
xw.gy,,
xx.gy,2021/02/14 12:17:15,CN
xy.gy,2012/07/14 06:27:10,DE
xz.gy,2016/06/24 15:58:37,CN
ya.gy,2019/01/22 03:18:37,CA
yb.gy,2021/09/29 16:51:28,CN
yc.gy,2021/03/15 17:12:12,IT
yd.gy,,
ye.gy,,
yf.gy,,
yg.gy,2018/12/10 15:00:20,BG
yh.gy,2021/01/02 23:00:54,CN
yi.gy,2021/09/23 08:10:59,CN
yj.gy,,
yk.gy,,
yl.gy,,
ym.gy,2021/10/23 08:48:36,CA
yn.gy,,
yo.gy,2017/07/26 10:42:49,BG
yp.gy,2021/01/15 06:10:12,NL
yq.gy,,
yr.gy,,
ys.gy,2017/06/04 04:23:47,BE
yt.gy,2015/01/23 18:28:27,IN
yu.gy,2017/07/21 14:44:53,JP
yv.gy,,
yw.gy,,
yx.gy,,
yy.gy,2015/02/02 16:55:16,CN
yz.gy,,
za.gy,2017/05/04 18:10:03,US
zb.gy,2019/10/21 09:23:38,US
zc.gy,,
zd.gy,2018/11/15 21:49:35,US
ze.gy,2013/03/13 02:23:02,NL
zf.gy,,
zg.gy,2012/04/28 01:47:22,US
zh.gy,,
zi.gy,2017/07/23 07:41:40,US
zj.gy,,
zk.gy,,
zl.gy,,
zm.gy,,
zn.gy,2015/01/29 04:10:02,US
zo.gy,2015/07/04 12:15:50,NZ
zp.gy,,
zq.gy,2015/07/19 19:20:10,DE
zr.gy,2020/06/25 07:36:21,GB
zs.gy,,
zt.gy,2018/03/11 17:15:33,FR
zu.gy,2019/12/12 16:21:21,JP
zv.gy,,
zw.gy,,
zx.gy,2019/02/23 12:03:02,CN
zy.gy,2017/11/20 04:22:20,US
zz.gy,2021/08/05 16:13:43,CN
